<?xml version="1.0" encoding="UTF-8"?>
<!-- Generated by org.testng.reporters.JUnitReportReporter -->
<testsuite hostname="MSI" failures="0" tests="3" name="testNGflags.Flagdependson" time="0.009" errors="0" timestamp="2022-11-27T12:27:46 IST" skipped="0">
  <testcase classname="testNGflags.Flagdependson" name="login" time="0.008"/>
  <system-out>
    <![CDATA[This is login method]]>
  </system-out>
  <testcase classname="testNGflags.Flagdependson" name="craeteUser" time="0.001"/>
  <system-out>
    <![CDATA[This will run after login method]]>
  </system-out>
  <testcase classname="testNGflags.Flagdependson" name="logout" time="0.000"/>
  <system-out>
    <![CDATA[This is logout method]]>
  </system-out>
</testsuite> <!-- testNGflags.Flagdependson -->
