<?xml version="1.0" encoding="UTF-8"?>
<!-- Generated by org.testng.reporters.JUnitReportReporter -->
<testsuite hostname="MSI" failures="0" tests="2" name="testNGflags.Flag4" time="0.007" errors="0" timestamp="2022-11-27T12:03:38 IST" skipped="1">
  <testcase classname="testNGflags.Flag4" name="login" time="0.007"/>
  <system-out/>
  <testcase classname="testNGflags.Flag4" name="logout">
    <skipped/>
  </testcase> <!-- logout -->
  <system-out/>
</testsuite> <!-- testNGflags.Flag4 -->
