<?xml version="1.0" encoding="UTF-8"?>
<!-- Generated by org.testng.reporters.JUnitReportReporter -->
<testsuite hostname="MSI" failures="0" tests="1" name="SerialExecution.Class2" time="1.476" errors="0" timestamp="2022-11-27T19:46:20 IST" skipped="0">
  <testcase classname="SerialExecution.Class2" name="Main" time="1.476"/>
  <system-out/>
</testsuite> <!-- SerialExecution.Class2 -->
