<?xml version="1.0" encoding="UTF-8"?>
<!-- Generated by org.testng.reporters.JUnitReportReporter -->
<testsuite hostname="MSI" failures="0" tests="2" name="testNGflags.FlagEnable" time="0.007" errors="0" timestamp="2022-12-14T12:41:53 IST" skipped="1">
  <testcase classname="testNGflags.FlagEnable" name="login" time="0.007"/>
  <system-out/>
  <testcase classname="testNGflags.FlagEnable" name="logout">
    <skipped/>
  </testcase> <!-- logout -->
  <system-out/>
</testsuite> <!-- testNGflags.FlagEnable -->
