<?xml version="1.0" encoding="UTF-8"?>
<!-- Generated by org.testng.reporters.JUnitReportReporter -->
<testsuite hostname="MSI" failures="0" tests="1" name="SerialExecution.Class3" time="1.993" errors="0" timestamp="2023-04-19T11:35:54 IST" skipped="0">
  <testcase classname="SerialExecution.Class3" name="Main" time="1.993"/>
  <system-out/>
</testsuite> <!-- SerialExecution.Class3 -->
