<?xml version="1.0" encoding="UTF-8"?>
<!-- Generated by org.testng.reporters.JUnitReportReporter -->
<testsuite hostname="MSI" failures="0" tests="1" name="SerialExecution.Class3" time="3.932" errors="0" timestamp="2022-11-27T19:46:20 IST" skipped="0">
  <testcase classname="SerialExecution.Class3" name="Main" time="3.932"/>
  <system-out/>
</testsuite> <!-- SerialExecution.Class3 -->
