<?xml version="1.0" encoding="UTF-8"?>
<!-- Generated by org.testng.reporters.JUnitReportReporter -->
<testsuite hostname="MSI" failures="0" tests="12" name="testNGflags.FlagGroup" time="0.011" errors="0" timestamp="2022-11-27T14:46:29 IST" skipped="0">
  <testcase classname="testNGflags.FlagGroup" name="integrationTest4" time="0.001"/>
  <system-out>
    <![CDATA[This is integration test 4]]>
  </system-out>
  <testcase classname="testNGflags.FlagGroup" name="functionalTest2" time="0.001"/>
  <system-out>
    <![CDATA[This is functional test 2]]>
  </system-out>
  <testcase classname="testNGflags.FlagGroup" name="functionalTest3" time="0.001"/>
  <system-out>
    <![CDATA[This is functional test 3]]>
  </system-out>
  <testcase classname="testNGflags.FlagGroup" name="functionalTest5" time="0.000"/>
  <system-out>
    <![CDATA[This is functional test 5]]>
  </system-out>
  <testcase classname="testNGflags.FlagGroup" name="integrationTest2" time="0.001"/>
  <system-out>
    <![CDATA[This is integration test 2]]>
  </system-out>
  <testcase classname="testNGflags.FlagGroup" name="functionalTest1" time="0.005"/>
  <system-out>
    <![CDATA[This is functional test 1]]>
  </system-out>
  <testcase classname="testNGflags.FlagGroup" name="integrationTest5" time="0.000"/>
  <system-out>
    <![CDATA[This is integration test 5]]>
  </system-out>
  <testcase classname="testNGflags.FlagGroup" name="functionalTest6" time="0.001"/>
  <system-out>
    <![CDATA[This is functional test 6]]>
  </system-out>
  <testcase classname="testNGflags.FlagGroup" name="integrationTest1" time="0.000"/>
  <system-out>
    <![CDATA[This is integration test 1]]>
  </system-out>
  <testcase classname="testNGflags.FlagGroup" name="integrationTest6" time="0.000"/>
  <system-out>
    <![CDATA[This is integration test 6]]>
  </system-out>
  <testcase classname="testNGflags.FlagGroup" name="functionalTest4" time="0.000"/>
  <system-out>
    <![CDATA[This is functional test 4]]>
  </system-out>
  <testcase classname="testNGflags.FlagGroup" name="integrationTest3" time="0.001"/>
  <system-out>
    <![CDATA[This is integration test 3]]>
  </system-out>
</testsuite> <!-- testNGflags.FlagGroup -->
