<?xml version="1.0" encoding="UTF-8"?>
<!-- Generated by org.testng.reporters.JUnitReportReporter -->
<testsuite hostname="MSI" failures="0" tests="1" name="parallelExecution.Class2" time="1.913" errors="0" timestamp="2023-04-19T11:36:59 IST" skipped="0">
  <testcase classname="parallelExecution.Class2" name="Main" time="1.913"/>
  <system-out/>
</testsuite> <!-- parallelExecution.Class2 -->
