<?xml version="1.0" encoding="UTF-8"?>
<!-- Generated by org.testng.reporters.JUnitReportReporter -->
<testsuite hostname="MSI" failures="0" tests="4" name="testNGflags.FlagPriority" time="0.008" errors="0" timestamp="2022-11-27T11:00:13 IST" skipped="0">
  <testcase classname="testNGflags.FlagPriority" name="x" time="0.001"/>
  <system-out>
    <![CDATA[method x]]>
  </system-out>
  <testcase classname="testNGflags.FlagPriority" name="a" time="0.006"/>
  <system-out>
    <![CDATA[method a]]>
  </system-out>
  <testcase classname="testNGflags.FlagPriority" name="n" time="0.000"/>
  <system-out>
    <![CDATA[method n]]>
  </system-out>
  <testcase classname="testNGflags.FlagPriority" name="h" time="0.001"/>
  <system-out>
    <![CDATA[method h]]>
  </system-out>
</testsuite> <!-- testNGflags.FlagPriority -->
