<?xml version="1.0" encoding="UTF-8"?>
<!-- Generated by org.testng.reporters.JUnitReportReporter -->
<testsuite hostname="MSI" failures="0" tests="2" name="testNGflags.Flags" time="0.008" errors="0" timestamp="2022-11-27T10:52:52 IST" skipped="0">
  <testcase classname="testNGflags.Flags" name="loginToActiTime" time="0.001"/>
  <system-out>
    <![CDATA[login.....]]>
  </system-out>
  <testcase classname="testNGflags.Flags" name="logOutActiTime" time="0.007"/>
  <system-out>
    <![CDATA[this is logout...........]]>
  </system-out>
</testsuite> <!-- testNGflags.Flags -->
