<?xml version="1.0" encoding="UTF-8"?>
<!-- Generated by org.testng.reporters.JUnitReportReporter -->
<testsuite hostname="MSI" failures="0" tests="1" name="parallelExecution.NewTest" time="0.006" errors="0" timestamp="2023-03-29T11:57:23 IST" skipped="0">
  <testcase classname="parallelExecution.NewTest" name="f" time="0.006"/>
  <system-out/>
</testsuite> <!-- parallelExecution.NewTest -->
