<?xml version="1.0" encoding="UTF-8"?>
<!-- Generated by org.testng.reporters.JUnitReportReporter -->
<testsuite hostname="MSI" failures="0" tests="1" name="parallelExecution.Class3" time="1.482" errors="0" timestamp="2022-11-30T10:42:04 IST" skipped="0">
  <testcase classname="parallelExecution.Class3" name="Main" time="1.482"/>
  <system-out/>
</testsuite> <!-- parallelExecution.Class3 -->
