<?xml version="1.0" encoding="UTF-8"?>
<!-- Generated by org.testng.reporters.JUnitReportReporter -->
<testsuite hostname="MSI" failures="0" tests="1" name="SerialExecution.Class4" time="4.451" errors="0" timestamp="2023-04-19T11:35:54 IST" skipped="0">
  <testcase classname="SerialExecution.Class4" name="Main" time="4.451"/>
  <system-out/>
</testsuite> <!-- SerialExecution.Class4 -->
