<?xml version="1.0" encoding="UTF-8"?>
<!-- Generated by org.testng.reporters.JUnitReportReporter -->
<testsuite hostname="MSI" failures="0" tests="4" name="testNGflags.flag3" time="0.008" errors="0" timestamp="2022-11-27T11:09:22 IST" skipped="0">
  <testcase classname="testNGflags.flag3" name="loginMethod" time="0.006"/>
  <system-out>
    <![CDATA[This is Login method]]>
  </system-out>
  <testcase classname="testNGflags.flag3" name="flag1" time="0.001"/>
  <system-out>
    <![CDATA[This is First testCase...]]>
  </system-out>
  <testcase classname="testNGflags.flag3" name="flag2" time="0.001"/>
  <system-out>
    <![CDATA[This is second testCase....]]>
  </system-out>
  <testcase classname="testNGflags.flag3" name="logOutmethod" time="0.000"/>
  <system-out>
    <![CDATA[This is logOut method]]>
  </system-out>
</testsuite> <!-- testNGflags.flag3 -->
